/home/vishal.bharti/miniconda3/lib/python3.11/site-packages/xgboost/core.py:265: FutureWarning: Your system has an old version of glibc (< 2.28). We will stop supporting Linux distros with glibc older than 2.28 after **May 31, 2025**. Please upgrade to a recent Linux distro (with glibc 2.28+) to use future versions of XGBoost.
Note: You have installed the 'manylinux2014' variant of XGBoost. Certain features such as GPU algorithms or federated learning are not available. To use these features, please upgrade to a recent Linux distro with glibc 2.28+, and install the 'manylinux_2_28' variant.
  warnings.warn(
/home/vishal.bharti/miniconda3/lib/python3.11/site-packages/xgboost/core.py:158: UserWarning: [00:08:51] WARNING: /workspace/src/learner.cc:740: 
Parameters: { "predictor" } are not used.

  warnings.warn(smsg, UserWarning)
/home/vishal.bharti/miniconda3/lib/python3.11/site-packages/xgboost/core.py:158: UserWarning: [00:09:00] WARNING: /workspace/src/learner.cc:740: 
Parameters: { "predictor" } are not used.

  warnings.warn(smsg, UserWarning)
/home/vishal.bharti/miniconda3/lib/python3.11/site-packages/xgboost/core.py:158: UserWarning: [00:09:10] WARNING: /workspace/src/learner.cc:740: 
Parameters: { "predictor" } are not used.

  warnings.warn(smsg, UserWarning)
/home/vishal.bharti/miniconda3/lib/python3.11/site-packages/xgboost/core.py:158: UserWarning: [00:09:20] WARNING: /workspace/src/learner.cc:740: 
Parameters: { "predictor" } are not used.

  warnings.warn(smsg, UserWarning)
/home/vishal.bharti/miniconda3/lib/python3.11/site-packages/xgboost/core.py:158: UserWarning: [00:09:39] WARNING: /workspace/src/learner.cc:740: 
Parameters: { "predictor" } are not used.

  warnings.warn(smsg, UserWarning)
/home/vishal.bharti/miniconda3/lib/python3.11/site-packages/xgboost/core.py:158: UserWarning: [00:09:58] WARNING: /workspace/src/learner.cc:740: 
Parameters: { "predictor" } are not used.

  warnings.warn(smsg, UserWarning)
/home/vishal.bharti/miniconda3/lib/python3.11/site-packages/xgboost/core.py:158: UserWarning: [00:10:11] WARNING: /workspace/src/learner.cc:740: 
Parameters: { "predictor" } are not used.

  warnings.warn(smsg, UserWarning)
/home/vishal.bharti/miniconda3/lib/python3.11/site-packages/xgboost/core.py:158: UserWarning: [00:10:38] WARNING: /workspace/src/learner.cc:740: 
Parameters: { "predictor" } are not used.

  warnings.warn(smsg, UserWarning)
/home/vishal.bharti/miniconda3/lib/python3.11/site-packages/xgboost/core.py:158: UserWarning: [00:10:59] WARNING: /workspace/src/learner.cc:740: 
Parameters: { "predictor" } are not used.

  warnings.warn(smsg, UserWarning)
/home/vishal.bharti/miniconda3/lib/python3.11/site-packages/xgboost/core.py:158: UserWarning: [00:11:27] WARNING: /workspace/src/learner.cc:740: 
Parameters: { "predictor" } are not used.

  warnings.warn(smsg, UserWarning)
/home/vishal.bharti/miniconda3/lib/python3.11/site-packages/xgboost/core.py:158: UserWarning: [00:11:40] WARNING: /workspace/src/learner.cc:740: 
Parameters: { "predictor" } are not used.

  warnings.warn(smsg, UserWarning)
/home/vishal.bharti/miniconda3/lib/python3.11/site-packages/xgboost/core.py:158: UserWarning: [00:11:55] WARNING: /workspace/src/learner.cc:740: 
Parameters: { "predictor" } are not used.

  warnings.warn(smsg, UserWarning)
/home/vishal.bharti/miniconda3/lib/python3.11/site-packages/xgboost/core.py:158: UserWarning: [00:12:08] WARNING: /workspace/src/learner.cc:740: 
Parameters: { "predictor" } are not used.

  warnings.warn(smsg, UserWarning)
/home/vishal.bharti/miniconda3/lib/python3.11/site-packages/xgboost/core.py:158: UserWarning: [00:12:34] WARNING: /workspace/src/learner.cc:740: 
Parameters: { "predictor" } are not used.

  warnings.warn(smsg, UserWarning)
/home/vishal.bharti/miniconda3/lib/python3.11/site-packages/xgboost/core.py:158: UserWarning: [00:12:34] WARNING: /workspace/src/learner.cc:740: 
Parameters: { "predictor" } are not used.

  warnings.warn(smsg, UserWarning)
/home/vishal.bharti/miniconda3/lib/python3.11/site-packages/xgboost/core.py:158: UserWarning: [00:12:34] WARNING: /workspace/src/learner.cc:740: 
Parameters: { "predictor" } are not used.

  warnings.warn(smsg, UserWarning)
/home/vishal.bharti/miniconda3/lib/python3.11/site-packages/xgboost/core.py:158: UserWarning: [00:12:35] WARNING: /workspace/src/learner.cc:740: 
Parameters: { "predictor" } are not used.

  warnings.warn(smsg, UserWarning)
/home/vishal.bharti/miniconda3/lib/python3.11/site-packages/xgboost/core.py:158: UserWarning: [00:12:35] WARNING: /workspace/src/learner.cc:740: 
Parameters: { "predictor" } are not used.

  warnings.warn(smsg, UserWarning)
/home/vishal.bharti/miniconda3/lib/python3.11/site-packages/xgboost/core.py:158: UserWarning: [00:12:36] WARNING: /workspace/src/learner.cc:740: 
Parameters: { "predictor" } are not used.

  warnings.warn(smsg, UserWarning)
/home/vishal.bharti/miniconda3/lib/python3.11/site-packages/xgboost/core.py:158: UserWarning: [00:12:36] WARNING: /workspace/src/learner.cc:740: 
Parameters: { "predictor" } are not used.

  warnings.warn(smsg, UserWarning)
/home/vishal.bharti/miniconda3/lib/python3.11/site-packages/xgboost/core.py:158: UserWarning: [00:12:37] WARNING: /workspace/src/learner.cc:740: 
Parameters: { "predictor" } are not used.

  warnings.warn(smsg, UserWarning)
/home/vishal.bharti/miniconda3/lib/python3.11/site-packages/xgboost/core.py:158: UserWarning: [00:12:38] WARNING: /workspace/src/learner.cc:740: 
Parameters: { "predictor" } are not used.

  warnings.warn(smsg, UserWarning)
/home/vishal.bharti/miniconda3/lib/python3.11/site-packages/xgboost/core.py:158: UserWarning: [00:12:38] WARNING: /workspace/src/learner.cc:740: 
Parameters: { "predictor" } are not used.

  warnings.warn(smsg, UserWarning)
/home/vishal.bharti/miniconda3/lib/python3.11/site-packages/xgboost/core.py:158: UserWarning: [00:12:39] WARNING: /workspace/src/learner.cc:740: 
Parameters: { "predictor" } are not used.

  warnings.warn(smsg, UserWarning)
/home/vishal.bharti/miniconda3/lib/python3.11/site-packages/xgboost/core.py:158: UserWarning: [00:12:39] WARNING: /workspace/src/learner.cc:740: 
Parameters: { "predictor" } are not used.

  warnings.warn(smsg, UserWarning)
/home/vishal.bharti/miniconda3/lib/python3.11/site-packages/xgboost/core.py:158: UserWarning: [00:12:40] WARNING: /workspace/src/learner.cc:740: 
Parameters: { "predictor" } are not used.

  warnings.warn(smsg, UserWarning)
/home/vishal.bharti/miniconda3/lib/python3.11/site-packages/xgboost/core.py:158: UserWarning: [00:12:40] WARNING: /workspace/src/learner.cc:740: 
Parameters: { "predictor" } are not used.

  warnings.warn(smsg, UserWarning)
/home/vishal.bharti/miniconda3/lib/python3.11/site-packages/xgboost/core.py:158: UserWarning: [00:12:41] WARNING: /workspace/src/learner.cc:740: 
Parameters: { "predictor" } are not used.

  warnings.warn(smsg, UserWarning)
/home/vishal.bharti/miniconda3/lib/python3.11/site-packages/xgboost/core.py:158: UserWarning: [00:12:41] WARNING: /workspace/src/learner.cc:740: 
Parameters: { "predictor" } are not used.

  warnings.warn(smsg, UserWarning)
/home/vishal.bharti/miniconda3/lib/python3.11/site-packages/xgboost/core.py:158: UserWarning: [00:12:41] WARNING: /workspace/src/learner.cc:740: 
Parameters: { "predictor" } are not used.

  warnings.warn(smsg, UserWarning)
/home/vishal.bharti/miniconda3/lib/python3.11/site-packages/xgboost/core.py:158: UserWarning: [00:12:41] WARNING: /workspace/src/learner.cc:740: 
Parameters: { "predictor" } are not used.

  warnings.warn(smsg, UserWarning)
/home/vishal.bharti/miniconda3/lib/python3.11/site-packages/xgboost/core.py:158: UserWarning: [00:12:41] WARNING: /workspace/src/learner.cc:740: 
Parameters: { "predictor" } are not used.

  warnings.warn(smsg, UserWarning)
/home/vishal.bharti/miniconda3/lib/python3.11/site-packages/xgboost/core.py:158: UserWarning: [00:12:41] WARNING: /workspace/src/learner.cc:740: 
Parameters: { "predictor" } are not used.

  warnings.warn(smsg, UserWarning)
/home/vishal.bharti/miniconda3/lib/python3.11/site-packages/xgboost/core.py:158: UserWarning: [00:12:47] WARNING: /workspace/src/learner.cc:740: 
Parameters: { "predictor" } are not used.

  warnings.warn(smsg, UserWarning)
/home/vishal.bharti/miniconda3/lib/python3.11/site-packages/xgboost/core.py:158: UserWarning: [00:13:02] WARNING: /workspace/src/learner.cc:740: 
Parameters: { "predictor" } are not used.

  warnings.warn(smsg, UserWarning)
/home/vishal.bharti/miniconda3/lib/python3.11/site-packages/xgboost/core.py:158: UserWarning: [00:13:20] WARNING: /workspace/src/learner.cc:740: 
Parameters: { "predictor" } are not used.

  warnings.warn(smsg, UserWarning)
/home/vishal.bharti/miniconda3/lib/python3.11/site-packages/xgboost/core.py:158: UserWarning: [00:13:41] WARNING: /workspace/src/learner.cc:740: 
Parameters: { "predictor" } are not used.

  warnings.warn(smsg, UserWarning)
/home/vishal.bharti/miniconda3/lib/python3.11/site-packages/xgboost/core.py:158: UserWarning: [00:13:56] WARNING: /workspace/src/learner.cc:740: 
Parameters: { "predictor" } are not used.

  warnings.warn(smsg, UserWarning)
/home/vishal.bharti/miniconda3/lib/python3.11/site-packages/xgboost/core.py:158: UserWarning: [00:14:08] WARNING: /workspace/src/learner.cc:740: 
Parameters: { "predictor" } are not used.

  warnings.warn(smsg, UserWarning)
/home/vishal.bharti/miniconda3/lib/python3.11/site-packages/xgboost/core.py:158: UserWarning: [00:14:23] WARNING: /workspace/src/learner.cc:740: 
Parameters: { "predictor" } are not used.

  warnings.warn(smsg, UserWarning)
/home/vishal.bharti/miniconda3/lib/python3.11/site-packages/xgboost/core.py:158: UserWarning: [00:14:46] WARNING: /workspace/src/learner.cc:740: 
Parameters: { "predictor" } are not used.

  warnings.warn(smsg, UserWarning)
/home/vishal.bharti/miniconda3/lib/python3.11/site-packages/xgboost/core.py:158: UserWarning: [00:15:05] WARNING: /workspace/src/learner.cc:740: 
Parameters: { "predictor" } are not used.

  warnings.warn(smsg, UserWarning)
/home/vishal.bharti/miniconda3/lib/python3.11/site-packages/xgboost/core.py:158: UserWarning: [00:15:26] WARNING: /workspace/src/learner.cc:740: 
Parameters: { "predictor" } are not used.

  warnings.warn(smsg, UserWarning)
/home/vishal.bharti/miniconda3/lib/python3.11/site-packages/xgboost/core.py:158: UserWarning: [00:15:53] WARNING: /workspace/src/learner.cc:740: 
Parameters: { "predictor" } are not used.

  warnings.warn(smsg, UserWarning)
/home/vishal.bharti/miniconda3/lib/python3.11/site-packages/xgboost/core.py:158: UserWarning: [00:16:02] WARNING: /workspace/src/learner.cc:740: 
Parameters: { "predictor" } are not used.

  warnings.warn(smsg, UserWarning)
/home/vishal.bharti/miniconda3/lib/python3.11/site-packages/xgboost/core.py:158: UserWarning: [00:16:03] WARNING: /workspace/src/learner.cc:740: 
Parameters: { "predictor" } are not used.

  warnings.warn(smsg, UserWarning)
/home/vishal.bharti/miniconda3/lib/python3.11/site-packages/xgboost/core.py:158: UserWarning: [00:16:11] WARNING: /workspace/src/learner.cc:740: 
Parameters: { "predictor" } are not used.

  warnings.warn(smsg, UserWarning)
/home/vishal.bharti/miniconda3/lib/python3.11/site-packages/xgboost/core.py:158: UserWarning: [00:16:11] WARNING: /workspace/src/learner.cc:740: 
Parameters: { "predictor" } are not used.

  warnings.warn(smsg, UserWarning)
/home/vishal.bharti/miniconda3/lib/python3.11/site-packages/xgboost/core.py:158: UserWarning: [00:16:11] WARNING: /workspace/src/learner.cc:740: 
Parameters: { "predictor" } are not used.

  warnings.warn(smsg, UserWarning)
/home/vishal.bharti/miniconda3/lib/python3.11/site-packages/xgboost/core.py:158: UserWarning: [00:16:32] WARNING: /workspace/src/learner.cc:740: 
Parameters: { "predictor" } are not used.

  warnings.warn(smsg, UserWarning)
/home/vishal.bharti/miniconda3/lib/python3.11/site-packages/xgboost/core.py:158: UserWarning: [00:16:56] WARNING: /workspace/src/learner.cc:740: 
Parameters: { "predictor" } are not used.

  warnings.warn(smsg, UserWarning)
/home/vishal.bharti/miniconda3/lib/python3.11/site-packages/xgboost/core.py:158: UserWarning: [00:17:24] WARNING: /workspace/src/learner.cc:740: 
Parameters: { "predictor" } are not used.

  warnings.warn(smsg, UserWarning)
/home/vishal.bharti/miniconda3/lib/python3.11/site-packages/xgboost/core.py:158: UserWarning: [00:17:54] WARNING: /workspace/src/learner.cc:740: 
Parameters: { "predictor" } are not used.

  warnings.warn(smsg, UserWarning)
/home/vishal.bharti/miniconda3/lib/python3.11/site-packages/xgboost/core.py:158: UserWarning: [00:18:23] WARNING: /workspace/src/learner.cc:740: 
Parameters: { "predictor" } are not used.

  warnings.warn(smsg, UserWarning)
/home/vishal.bharti/miniconda3/lib/python3.11/site-packages/xgboost/core.py:158: UserWarning: [00:18:54] WARNING: /workspace/src/learner.cc:740: 
Parameters: { "predictor" } are not used.

  warnings.warn(smsg, UserWarning)
/home/vishal.bharti/miniconda3/lib/python3.11/site-packages/xgboost/core.py:158: UserWarning: [00:18:59] WARNING: /workspace/src/learner.cc:740: 
Parameters: { "predictor" } are not used.

  warnings.warn(smsg, UserWarning)
/home/vishal.bharti/miniconda3/lib/python3.11/site-packages/xgboost/core.py:158: UserWarning: [00:19:06] WARNING: /workspace/src/learner.cc:740: 
Parameters: { "predictor" } are not used.

  warnings.warn(smsg, UserWarning)
/home/vishal.bharti/miniconda3/lib/python3.11/site-packages/xgboost/core.py:158: UserWarning: [00:19:14] WARNING: /workspace/src/learner.cc:740: 
Parameters: { "predictor" } are not used.

  warnings.warn(smsg, UserWarning)
/home/vishal.bharti/miniconda3/lib/python3.11/site-packages/xgboost/core.py:158: UserWarning: [00:19:25] WARNING: /workspace/src/learner.cc:740: 
Parameters: { "predictor" } are not used.

  warnings.warn(smsg, UserWarning)
/home/vishal.bharti/miniconda3/lib/python3.11/site-packages/xgboost/core.py:158: UserWarning: [00:19:36] WARNING: /workspace/src/learner.cc:740: 
Parameters: { "predictor" } are not used.

  warnings.warn(smsg, UserWarning)
/home/vishal.bharti/miniconda3/lib/python3.11/site-packages/xgboost/core.py:158: UserWarning: [00:19:45] WARNING: /workspace/src/learner.cc:740: 
Parameters: { "predictor" } are not used.

  warnings.warn(smsg, UserWarning)
/home/vishal.bharti/miniconda3/lib/python3.11/site-packages/xgboost/core.py:158: UserWarning: [00:19:58] WARNING: /workspace/src/learner.cc:740: 
Parameters: { "predictor" } are not used.

  warnings.warn(smsg, UserWarning)
/home/vishal.bharti/miniconda3/lib/python3.11/site-packages/xgboost/core.py:158: UserWarning: [00:20:06] WARNING: /workspace/src/learner.cc:740: 
Parameters: { "predictor" } are not used.

  warnings.warn(smsg, UserWarning)
/home/vishal.bharti/miniconda3/lib/python3.11/site-packages/xgboost/core.py:158: UserWarning: [00:20:21] WARNING: /workspace/src/learner.cc:740: 
Parameters: { "predictor" } are not used.

  warnings.warn(smsg, UserWarning)
/home/vishal.bharti/miniconda3/lib/python3.11/site-packages/xgboost/core.py:158: UserWarning: [00:20:30] WARNING: /workspace/src/learner.cc:740: 
Parameters: { "predictor" } are not used.

  warnings.warn(smsg, UserWarning)
/home/vishal.bharti/miniconda3/lib/python3.11/site-packages/xgboost/core.py:158: UserWarning: [00:20:41] WARNING: /workspace/src/learner.cc:740: 
Parameters: { "predictor" } are not used.

  warnings.warn(smsg, UserWarning)
/home/vishal.bharti/miniconda3/lib/python3.11/site-packages/xgboost/core.py:158: UserWarning: [00:20:49] WARNING: /workspace/src/learner.cc:740: 
Parameters: { "predictor" } are not used.

  warnings.warn(smsg, UserWarning)
/home/vishal.bharti/miniconda3/lib/python3.11/site-packages/xgboost/core.py:158: UserWarning: [00:20:58] WARNING: /workspace/src/learner.cc:740: 
Parameters: { "predictor" } are not used.

  warnings.warn(smsg, UserWarning)
/home/vishal.bharti/miniconda3/lib/python3.11/site-packages/xgboost/core.py:158: UserWarning: [00:21:05] WARNING: /workspace/src/learner.cc:740: 
Parameters: { "predictor" } are not used.

  warnings.warn(smsg, UserWarning)
/home/vishal.bharti/miniconda3/lib/python3.11/site-packages/xgboost/core.py:158: UserWarning: [00:21:19] WARNING: /workspace/src/learner.cc:740: 
Parameters: { "predictor" } are not used.

  warnings.warn(smsg, UserWarning)
/home/vishal.bharti/miniconda3/lib/python3.11/site-packages/xgboost/core.py:158: UserWarning: [00:21:34] WARNING: /workspace/src/learner.cc:740: 
Parameters: { "predictor" } are not used.

  warnings.warn(smsg, UserWarning)
/home/vishal.bharti/miniconda3/lib/python3.11/site-packages/xgboost/core.py:158: UserWarning: [00:21:51] WARNING: /workspace/src/learner.cc:740: 
Parameters: { "predictor" } are not used.

  warnings.warn(smsg, UserWarning)
/home/vishal.bharti/miniconda3/lib/python3.11/site-packages/xgboost/core.py:158: UserWarning: [00:22:02] WARNING: /workspace/src/learner.cc:740: 
Parameters: { "predictor" } are not used.

  warnings.warn(smsg, UserWarning)
/home/vishal.bharti/miniconda3/lib/python3.11/site-packages/xgboost/core.py:158: UserWarning: [00:22:15] WARNING: /workspace/src/learner.cc:740: 
Parameters: { "predictor" } are not used.

  warnings.warn(smsg, UserWarning)
/home/vishal.bharti/miniconda3/lib/python3.11/site-packages/xgboost/core.py:158: UserWarning: [00:22:27] WARNING: /workspace/src/learner.cc:740: 
Parameters: { "predictor" } are not used.

  warnings.warn(smsg, UserWarning)
/home/vishal.bharti/miniconda3/lib/python3.11/site-packages/xgboost/core.py:158: UserWarning: [00:22:40] WARNING: /workspace/src/learner.cc:740: 
Parameters: { "predictor" } are not used.

  warnings.warn(smsg, UserWarning)
/home/vishal.bharti/miniconda3/lib/python3.11/site-packages/xgboost/core.py:158: UserWarning: [00:22:57] WARNING: /workspace/src/learner.cc:740: 
Parameters: { "predictor" } are not used.

  warnings.warn(smsg, UserWarning)
/home/vishal.bharti/miniconda3/lib/python3.11/site-packages/xgboost/core.py:158: UserWarning: [00:23:12] WARNING: /workspace/src/learner.cc:740: 
Parameters: { "predictor" } are not used.

  warnings.warn(smsg, UserWarning)
/home/vishal.bharti/miniconda3/lib/python3.11/site-packages/xgboost/core.py:158: UserWarning: [00:23:29] WARNING: /workspace/src/learner.cc:740: 
Parameters: { "predictor" } are not used.

  warnings.warn(smsg, UserWarning)
/home/vishal.bharti/miniconda3/lib/python3.11/site-packages/xgboost/core.py:158: UserWarning: [00:23:48] WARNING: /workspace/src/learner.cc:740: 
Parameters: { "predictor" } are not used.

  warnings.warn(smsg, UserWarning)
/home/vishal.bharti/miniconda3/lib/python3.11/site-packages/xgboost/core.py:158: UserWarning: [00:24:07] WARNING: /workspace/src/learner.cc:740: 
Parameters: { "predictor" } are not used.

  warnings.warn(smsg, UserWarning)
/home/vishal.bharti/miniconda3/lib/python3.11/site-packages/xgboost/core.py:158: UserWarning: [00:24:27] WARNING: /workspace/src/learner.cc:740: 
Parameters: { "predictor" } are not used.

  warnings.warn(smsg, UserWarning)
/home/vishal.bharti/miniconda3/lib/python3.11/site-packages/xgboost/core.py:158: UserWarning: [00:24:45] WARNING: /workspace/src/learner.cc:740: 
Parameters: { "predictor" } are not used.

  warnings.warn(smsg, UserWarning)
/home/vishal.bharti/miniconda3/lib/python3.11/site-packages/xgboost/core.py:158: UserWarning: [00:24:59] WARNING: /workspace/src/learner.cc:740: 
Parameters: { "predictor" } are not used.

  warnings.warn(smsg, UserWarning)
/home/vishal.bharti/miniconda3/lib/python3.11/site-packages/xgboost/core.py:158: UserWarning: [00:25:05] WARNING: /workspace/src/learner.cc:740: 
Parameters: { "predictor" } are not used.

  warnings.warn(smsg, UserWarning)
/home/vishal.bharti/miniconda3/lib/python3.11/site-packages/xgboost/core.py:158: UserWarning: [00:25:11] WARNING: /workspace/src/learner.cc:740: 
Parameters: { "predictor" } are not used.

  warnings.warn(smsg, UserWarning)
/home/vishal.bharti/miniconda3/lib/python3.11/site-packages/xgboost/core.py:158: UserWarning: [00:25:20] WARNING: /workspace/src/learner.cc:740: 
Parameters: { "predictor" } are not used.

  warnings.warn(smsg, UserWarning)
/home/vishal.bharti/miniconda3/lib/python3.11/site-packages/xgboost/core.py:158: UserWarning: [00:25:30] WARNING: /workspace/src/learner.cc:740: 
Parameters: { "predictor" } are not used.

  warnings.warn(smsg, UserWarning)
/home/vishal.bharti/miniconda3/lib/python3.11/site-packages/xgboost/core.py:158: UserWarning: [00:25:45] WARNING: /workspace/src/learner.cc:740: 
Parameters: { "predictor" } are not used.

  warnings.warn(smsg, UserWarning)
/home/vishal.bharti/miniconda3/lib/python3.11/site-packages/xgboost/core.py:158: UserWarning: [00:25:55] WARNING: /workspace/src/learner.cc:740: 
Parameters: { "predictor" } are not used.

  warnings.warn(smsg, UserWarning)
/home/vishal.bharti/miniconda3/lib/python3.11/site-packages/xgboost/core.py:158: UserWarning: [00:26:00] WARNING: /workspace/src/learner.cc:740: 
Parameters: { "predictor" } are not used.

  warnings.warn(smsg, UserWarning)
/home/vishal.bharti/miniconda3/lib/python3.11/site-packages/xgboost/core.py:158: UserWarning: [00:26:11] WARNING: /workspace/src/learner.cc:740: 
Parameters: { "predictor" } are not used.

  warnings.warn(smsg, UserWarning)
/home/vishal.bharti/miniconda3/lib/python3.11/site-packages/xgboost/core.py:158: UserWarning: [00:26:22] WARNING: /workspace/src/learner.cc:740: 
Parameters: { "predictor" } are not used.

  warnings.warn(smsg, UserWarning)
/home/vishal.bharti/miniconda3/lib/python3.11/site-packages/xgboost/core.py:158: UserWarning: [00:26:30] WARNING: /workspace/src/learner.cc:740: 
Parameters: { "predictor" } are not used.

  warnings.warn(smsg, UserWarning)
/home/vishal.bharti/miniconda3/lib/python3.11/site-packages/xgboost/core.py:158: UserWarning: [00:26:46] WARNING: /workspace/src/learner.cc:740: 
Parameters: { "predictor" } are not used.

  warnings.warn(smsg, UserWarning)
/home/vishal.bharti/miniconda3/lib/python3.11/site-packages/xgboost/core.py:158: UserWarning: [00:26:59] WARNING: /workspace/src/learner.cc:740: 
Parameters: { "predictor" } are not used.

  warnings.warn(smsg, UserWarning)
/home/vishal.bharti/miniconda3/lib/python3.11/site-packages/xgboost/core.py:158: UserWarning: [00:27:08] WARNING: /workspace/src/learner.cc:740: 
Parameters: { "predictor" } are not used.

  warnings.warn(smsg, UserWarning)
/home/vishal.bharti/miniconda3/lib/python3.11/site-packages/xgboost/core.py:158: UserWarning: [00:27:11] WARNING: /workspace/src/learner.cc:740: 
Parameters: { "predictor" } are not used.

  warnings.warn(smsg, UserWarning)
/home/vishal.bharti/miniconda3/lib/python3.11/site-packages/xgboost/core.py:158: UserWarning: [00:27:11] WARNING: /workspace/src/learner.cc:740: 
Parameters: { "predictor" } are not used.

  warnings.warn(smsg, UserWarning)
/home/vishal.bharti/miniconda3/lib/python3.11/site-packages/xgboost/core.py:158: UserWarning: [00:27:11] WARNING: /workspace/src/learner.cc:740: 
Parameters: { "predictor" } are not used.

  warnings.warn(smsg, UserWarning)
/home/vishal.bharti/miniconda3/lib/python3.11/site-packages/xgboost/core.py:158: UserWarning: [00:27:12] WARNING: /workspace/src/learner.cc:740: 
Parameters: { "predictor" } are not used.

  warnings.warn(smsg, UserWarning)
/home/vishal.bharti/miniconda3/lib/python3.11/site-packages/xgboost/core.py:158: UserWarning: [00:27:13] WARNING: /workspace/src/learner.cc:740: 
Parameters: { "predictor" } are not used.

  warnings.warn(smsg, UserWarning)
/home/vishal.bharti/miniconda3/lib/python3.11/site-packages/xgboost/core.py:158: UserWarning: [00:27:13] WARNING: /workspace/src/learner.cc:740: 
Parameters: { "predictor" } are not used.

  warnings.warn(smsg, UserWarning)
/home/vishal.bharti/miniconda3/lib/python3.11/site-packages/xgboost/core.py:158: UserWarning: [00:27:13] WARNING: /workspace/src/learner.cc:740: 
Parameters: { "predictor" } are not used.

  warnings.warn(smsg, UserWarning)
/home/vishal.bharti/miniconda3/lib/python3.11/site-packages/xgboost/core.py:158: UserWarning: [00:27:13] WARNING: /workspace/src/learner.cc:740: 
Parameters: { "predictor" } are not used.

  warnings.warn(smsg, UserWarning)
/home/vishal.bharti/miniconda3/lib/python3.11/site-packages/xgboost/core.py:158: UserWarning: [00:27:14] WARNING: /workspace/src/learner.cc:740: 
Parameters: { "predictor" } are not used.

  warnings.warn(smsg, UserWarning)
/home/vishal.bharti/miniconda3/lib/python3.11/site-packages/xgboost/core.py:158: UserWarning: [00:27:14] WARNING: /workspace/src/learner.cc:740: 
Parameters: { "predictor" } are not used.

  warnings.warn(smsg, UserWarning)
/home/vishal.bharti/miniconda3/lib/python3.11/site-packages/xgboost/core.py:158: UserWarning: [00:27:14] WARNING: /workspace/src/learner.cc:740: 
Parameters: { "predictor" } are not used.

  warnings.warn(smsg, UserWarning)
/home/vishal.bharti/miniconda3/lib/python3.11/site-packages/xgboost/core.py:158: UserWarning: [00:27:14] WARNING: /workspace/src/learner.cc:740: 
Parameters: { "predictor" } are not used.

  warnings.warn(smsg, UserWarning)
/home/vishal.bharti/miniconda3/lib/python3.11/site-packages/xgboost/core.py:158: UserWarning: [00:27:14] WARNING: /workspace/src/learner.cc:740: 
Parameters: { "predictor" } are not used.

  warnings.warn(smsg, UserWarning)
/home/vishal.bharti/miniconda3/lib/python3.11/site-packages/xgboost/core.py:158: UserWarning: [00:27:15] WARNING: /workspace/src/learner.cc:740: 
Parameters: { "predictor" } are not used.

  warnings.warn(smsg, UserWarning)
/home/vishal.bharti/miniconda3/lib/python3.11/site-packages/xgboost/core.py:158: UserWarning: [00:27:15] WARNING: /workspace/src/learner.cc:740: 
Parameters: { "predictor" } are not used.

  warnings.warn(smsg, UserWarning)
/home/vishal.bharti/miniconda3/lib/python3.11/site-packages/xgboost/core.py:158: UserWarning: [00:27:27] WARNING: /workspace/src/learner.cc:740: 
Parameters: { "predictor" } are not used.

  warnings.warn(smsg, UserWarning)
/home/vishal.bharti/miniconda3/lib/python3.11/site-packages/xgboost/core.py:158: UserWarning: [00:27:40] WARNING: /workspace/src/learner.cc:740: 
Parameters: { "predictor" } are not used.

  warnings.warn(smsg, UserWarning)
/home/vishal.bharti/miniconda3/lib/python3.11/site-packages/xgboost/core.py:158: UserWarning: [00:27:48] WARNING: /workspace/src/learner.cc:740: 
Parameters: { "predictor" } are not used.

  warnings.warn(smsg, UserWarning)
/home/vishal.bharti/miniconda3/lib/python3.11/site-packages/xgboost/core.py:158: UserWarning: [00:28:01] WARNING: /workspace/src/learner.cc:740: 
Parameters: { "predictor" } are not used.

  warnings.warn(smsg, UserWarning)
/home/vishal.bharti/miniconda3/lib/python3.11/site-packages/xgboost/core.py:158: UserWarning: [00:28:21] WARNING: /workspace/src/learner.cc:740: 
Parameters: { "predictor" } are not used.

  warnings.warn(smsg, UserWarning)
/home/vishal.bharti/miniconda3/lib/python3.11/site-packages/xgboost/core.py:158: UserWarning: [00:28:40] WARNING: /workspace/src/learner.cc:740: 
Parameters: { "predictor" } are not used.

  warnings.warn(smsg, UserWarning)
/home/vishal.bharti/miniconda3/lib/python3.11/site-packages/xgboost/core.py:158: UserWarning: [00:28:57] WARNING: /workspace/src/learner.cc:740: 
Parameters: { "predictor" } are not used.

  warnings.warn(smsg, UserWarning)
/home/vishal.bharti/miniconda3/lib/python3.11/site-packages/xgboost/core.py:158: UserWarning: [00:29:13] WARNING: /workspace/src/learner.cc:740: 
Parameters: { "predictor" } are not used.

  warnings.warn(smsg, UserWarning)
/home/vishal.bharti/miniconda3/lib/python3.11/site-packages/xgboost/core.py:158: UserWarning: [00:29:31] WARNING: /workspace/src/learner.cc:740: 
Parameters: { "predictor" } are not used.

  warnings.warn(smsg, UserWarning)
/home/vishal.bharti/miniconda3/lib/python3.11/site-packages/xgboost/core.py:158: UserWarning: [00:29:50] WARNING: /workspace/src/learner.cc:740: 
Parameters: { "predictor" } are not used.

  warnings.warn(smsg, UserWarning)
/home/vishal.bharti/miniconda3/lib/python3.11/site-packages/xgboost/core.py:158: UserWarning: [00:30:06] WARNING: /workspace/src/learner.cc:740: 
Parameters: { "predictor" } are not used.

  warnings.warn(smsg, UserWarning)
/home/vishal.bharti/miniconda3/lib/python3.11/site-packages/xgboost/core.py:158: UserWarning: [00:30:23] WARNING: /workspace/src/learner.cc:740: 
Parameters: { "predictor" } are not used.

  warnings.warn(smsg, UserWarning)
/home/vishal.bharti/miniconda3/lib/python3.11/site-packages/xgboost/core.py:158: UserWarning: [00:30:39] WARNING: /workspace/src/learner.cc:740: 
Parameters: { "predictor" } are not used.

  warnings.warn(smsg, UserWarning)
/home/vishal.bharti/miniconda3/lib/python3.11/site-packages/xgboost/core.py:158: UserWarning: [00:30:57] WARNING: /workspace/src/learner.cc:740: 
Parameters: { "predictor" } are not used.

  warnings.warn(smsg, UserWarning)
/home/vishal.bharti/miniconda3/lib/python3.11/site-packages/xgboost/core.py:158: UserWarning: [00:31:02] WARNING: /workspace/src/learner.cc:740: 
Parameters: { "predictor" } are not used.

  warnings.warn(smsg, UserWarning)
/home/vishal.bharti/miniconda3/lib/python3.11/site-packages/xgboost/core.py:158: UserWarning: [00:31:20] WARNING: /workspace/src/learner.cc:740: 
Parameters: { "predictor" } are not used.

  warnings.warn(smsg, UserWarning)
/home/vishal.bharti/miniconda3/lib/python3.11/site-packages/xgboost/core.py:158: UserWarning: [00:31:36] WARNING: /workspace/src/learner.cc:740: 
Parameters: { "predictor" } are not used.

  warnings.warn(smsg, UserWarning)
/home/vishal.bharti/miniconda3/lib/python3.11/site-packages/xgboost/core.py:158: UserWarning: [00:31:52] WARNING: /workspace/src/learner.cc:740: 
Parameters: { "predictor" } are not used.

  warnings.warn(smsg, UserWarning)
/home/vishal.bharti/miniconda3/lib/python3.11/site-packages/xgboost/core.py:158: UserWarning: [00:32:08] WARNING: /workspace/src/learner.cc:740: 
Parameters: { "predictor" } are not used.

  warnings.warn(smsg, UserWarning)
/home/vishal.bharti/miniconda3/lib/python3.11/site-packages/xgboost/core.py:158: UserWarning: [00:32:25] WARNING: /workspace/src/learner.cc:740: 
Parameters: { "predictor" } are not used.

  warnings.warn(smsg, UserWarning)
/home/vishal.bharti/miniconda3/lib/python3.11/site-packages/xgboost/core.py:158: UserWarning: [00:32:43] WARNING: /workspace/src/learner.cc:740: 
Parameters: { "predictor" } are not used.

  warnings.warn(smsg, UserWarning)
/home/vishal.bharti/miniconda3/lib/python3.11/site-packages/xgboost/core.py:158: UserWarning: [00:32:59] WARNING: /workspace/src/learner.cc:740: 
Parameters: { "predictor" } are not used.

  warnings.warn(smsg, UserWarning)
/home/vishal.bharti/miniconda3/lib/python3.11/site-packages/xgboost/core.py:158: UserWarning: [00:33:16] WARNING: /workspace/src/learner.cc:740: 
Parameters: { "predictor" } are not used.

  warnings.warn(smsg, UserWarning)
/home/vishal.bharti/miniconda3/lib/python3.11/site-packages/xgboost/core.py:158: UserWarning: [00:33:34] WARNING: /workspace/src/learner.cc:740: 
Parameters: { "predictor" } are not used.

  warnings.warn(smsg, UserWarning)
/home/vishal.bharti/miniconda3/lib/python3.11/site-packages/xgboost/core.py:158: UserWarning: [00:33:51] WARNING: /workspace/src/learner.cc:740: 
Parameters: { "predictor" } are not used.

  warnings.warn(smsg, UserWarning)
/home/vishal.bharti/miniconda3/lib/python3.11/site-packages/xgboost/core.py:158: UserWarning: [00:34:09] WARNING: /workspace/src/learner.cc:740: 
Parameters: { "predictor" } are not used.

  warnings.warn(smsg, UserWarning)
/home/vishal.bharti/miniconda3/lib/python3.11/site-packages/xgboost/core.py:158: UserWarning: [00:34:28] WARNING: /workspace/src/learner.cc:740: 
Parameters: { "predictor" } are not used.

  warnings.warn(smsg, UserWarning)
/home/vishal.bharti/miniconda3/lib/python3.11/site-packages/xgboost/core.py:158: UserWarning: [00:34:45] WARNING: /workspace/src/learner.cc:740: 
Parameters: { "predictor" } are not used.

  warnings.warn(smsg, UserWarning)
/home/vishal.bharti/miniconda3/lib/python3.11/site-packages/xgboost/core.py:158: UserWarning: [00:35:02] WARNING: /workspace/src/learner.cc:740: 
Parameters: { "predictor" } are not used.

  warnings.warn(smsg, UserWarning)
/home/vishal.bharti/miniconda3/lib/python3.11/site-packages/xgboost/core.py:158: UserWarning: [00:35:19] WARNING: /workspace/src/learner.cc:740: 
Parameters: { "predictor" } are not used.

  warnings.warn(smsg, UserWarning)
/home/vishal.bharti/miniconda3/lib/python3.11/site-packages/xgboost/core.py:158: UserWarning: [00:35:37] WARNING: /workspace/src/learner.cc:740: 
Parameters: { "predictor" } are not used.

  warnings.warn(smsg, UserWarning)
/home/vishal.bharti/miniconda3/lib/python3.11/site-packages/xgboost/core.py:158: UserWarning: [00:35:56] WARNING: /workspace/src/learner.cc:740: 
Parameters: { "predictor" } are not used.

  warnings.warn(smsg, UserWarning)
/home/vishal.bharti/miniconda3/lib/python3.11/site-packages/xgboost/core.py:158: UserWarning: [00:36:14] WARNING: /workspace/src/learner.cc:740: 
Parameters: { "predictor" } are not used.

  warnings.warn(smsg, UserWarning)
/home/vishal.bharti/miniconda3/lib/python3.11/site-packages/xgboost/core.py:158: UserWarning: [00:36:32] WARNING: /workspace/src/learner.cc:740: 
Parameters: { "predictor" } are not used.

  warnings.warn(smsg, UserWarning)
/home/vishal.bharti/miniconda3/lib/python3.11/site-packages/xgboost/core.py:158: UserWarning: [00:36:50] WARNING: /workspace/src/learner.cc:740: 
Parameters: { "predictor" } are not used.

  warnings.warn(smsg, UserWarning)
/home/vishal.bharti/miniconda3/lib/python3.11/site-packages/xgboost/core.py:158: UserWarning: [00:37:06] WARNING: /workspace/src/learner.cc:740: 
Parameters: { "predictor" } are not used.

  warnings.warn(smsg, UserWarning)
/home/vishal.bharti/miniconda3/lib/python3.11/site-packages/xgboost/core.py:158: UserWarning: [00:37:25] WARNING: /workspace/src/learner.cc:740: 
Parameters: { "predictor" } are not used.

  warnings.warn(smsg, UserWarning)
/home/vishal.bharti/miniconda3/lib/python3.11/site-packages/xgboost/core.py:158: UserWarning: [00:37:44] WARNING: /workspace/src/learner.cc:740: 
Parameters: { "predictor" } are not used.

  warnings.warn(smsg, UserWarning)
/home/vishal.bharti/miniconda3/lib/python3.11/site-packages/xgboost/core.py:158: UserWarning: [00:38:04] WARNING: /workspace/src/learner.cc:740: 
Parameters: { "predictor" } are not used.

  warnings.warn(smsg, UserWarning)
/home/vishal.bharti/miniconda3/lib/python3.11/site-packages/xgboost/core.py:158: UserWarning: [00:38:22] WARNING: /workspace/src/learner.cc:740: 
Parameters: { "predictor" } are not used.

  warnings.warn(smsg, UserWarning)
/home/vishal.bharti/miniconda3/lib/python3.11/site-packages/xgboost/core.py:158: UserWarning: [00:38:39] WARNING: /workspace/src/learner.cc:740: 
Parameters: { "predictor" } are not used.

  warnings.warn(smsg, UserWarning)
/home/vishal.bharti/miniconda3/lib/python3.11/site-packages/xgboost/core.py:158: UserWarning: [00:38:57] WARNING: /workspace/src/learner.cc:740: 
Parameters: { "predictor" } are not used.

  warnings.warn(smsg, UserWarning)
/home/vishal.bharti/miniconda3/lib/python3.11/site-packages/xgboost/core.py:158: UserWarning: [00:39:15] WARNING: /workspace/src/learner.cc:740: 
Parameters: { "predictor" } are not used.

  warnings.warn(smsg, UserWarning)
/home/vishal.bharti/miniconda3/lib/python3.11/site-packages/xgboost/core.py:158: UserWarning: [00:39:35] WARNING: /workspace/src/learner.cc:740: 
Parameters: { "predictor" } are not used.

  warnings.warn(smsg, UserWarning)
/home/vishal.bharti/miniconda3/lib/python3.11/site-packages/xgboost/core.py:158: UserWarning: [00:39:54] WARNING: /workspace/src/learner.cc:740: 
Parameters: { "predictor" } are not used.

  warnings.warn(smsg, UserWarning)
/home/vishal.bharti/miniconda3/lib/python3.11/site-packages/xgboost/core.py:158: UserWarning: [00:40:12] WARNING: /workspace/src/learner.cc:740: 
Parameters: { "predictor" } are not used.

  warnings.warn(smsg, UserWarning)
/home/vishal.bharti/miniconda3/lib/python3.11/site-packages/xgboost/core.py:158: UserWarning: [00:40:32] WARNING: /workspace/src/learner.cc:740: 
Parameters: { "predictor" } are not used.

  warnings.warn(smsg, UserWarning)
/home/vishal.bharti/miniconda3/lib/python3.11/site-packages/xgboost/core.py:158: UserWarning: [00:40:48] WARNING: /workspace/src/learner.cc:740: 
Parameters: { "predictor" } are not used.

  warnings.warn(smsg, UserWarning)
/home/vishal.bharti/miniconda3/lib/python3.11/site-packages/xgboost/core.py:158: UserWarning: [00:41:03] WARNING: /workspace/src/learner.cc:740: 
Parameters: { "predictor" } are not used.

  warnings.warn(smsg, UserWarning)
/home/vishal.bharti/miniconda3/lib/python3.11/site-packages/xgboost/core.py:158: UserWarning: [00:41:22] WARNING: /workspace/src/learner.cc:740: 
Parameters: { "predictor" } are not used.

  warnings.warn(smsg, UserWarning)
/home/vishal.bharti/miniconda3/lib/python3.11/site-packages/xgboost/core.py:158: UserWarning: [00:41:39] WARNING: /workspace/src/learner.cc:740: 
Parameters: { "predictor" } are not used.

  warnings.warn(smsg, UserWarning)
/home/vishal.bharti/miniconda3/lib/python3.11/site-packages/xgboost/core.py:158: UserWarning: [00:41:58] WARNING: /workspace/src/learner.cc:740: 
Parameters: { "predictor" } are not used.

  warnings.warn(smsg, UserWarning)
/home/vishal.bharti/miniconda3/lib/python3.11/site-packages/xgboost/core.py:158: UserWarning: [00:42:14] WARNING: /workspace/src/learner.cc:740: 
Parameters: { "predictor" } are not used.

  warnings.warn(smsg, UserWarning)
/home/vishal.bharti/miniconda3/lib/python3.11/site-packages/xgboost/core.py:158: UserWarning: [00:42:33] WARNING: /workspace/src/learner.cc:740: 
Parameters: { "predictor" } are not used.

  warnings.warn(smsg, UserWarning)
/home/vishal.bharti/miniconda3/lib/python3.11/site-packages/xgboost/core.py:158: UserWarning: [00:42:50] WARNING: /workspace/src/learner.cc:740: 
Parameters: { "predictor" } are not used.

  warnings.warn(smsg, UserWarning)
/home/vishal.bharti/miniconda3/lib/python3.11/site-packages/xgboost/core.py:158: UserWarning: [00:43:04] WARNING: /workspace/src/learner.cc:740: 
Parameters: { "predictor" } are not used.

  warnings.warn(smsg, UserWarning)
/home/vishal.bharti/miniconda3/lib/python3.11/site-packages/xgboost/core.py:158: UserWarning: [00:43:22] WARNING: /workspace/src/learner.cc:740: 
Parameters: { "predictor" } are not used.

  warnings.warn(smsg, UserWarning)
/home/vishal.bharti/miniconda3/lib/python3.11/site-packages/xgboost/core.py:158: UserWarning: [00:43:42] WARNING: /workspace/src/learner.cc:740: 
Parameters: { "predictor" } are not used.

  warnings.warn(smsg, UserWarning)
/home/vishal.bharti/miniconda3/lib/python3.11/site-packages/xgboost/core.py:158: UserWarning: [00:44:00] WARNING: /workspace/src/learner.cc:740: 
Parameters: { "predictor" } are not used.

  warnings.warn(smsg, UserWarning)
/home/vishal.bharti/miniconda3/lib/python3.11/site-packages/xgboost/core.py:158: UserWarning: [00:44:18] WARNING: /workspace/src/learner.cc:740: 
Parameters: { "predictor" } are not used.

  warnings.warn(smsg, UserWarning)
/home/vishal.bharti/miniconda3/lib/python3.11/site-packages/xgboost/core.py:158: UserWarning: [00:44:25] WARNING: /workspace/src/learner.cc:740: 
Parameters: { "predictor" } are not used.

  warnings.warn(smsg, UserWarning)
/home/vishal.bharti/miniconda3/lib/python3.11/site-packages/xgboost/core.py:158: UserWarning: [00:44:37] WARNING: /workspace/src/learner.cc:740: 
Parameters: { "predictor" } are not used.

  warnings.warn(smsg, UserWarning)
/home/vishal.bharti/miniconda3/lib/python3.11/site-packages/xgboost/core.py:158: UserWarning: [00:44:55] WARNING: /workspace/src/learner.cc:740: 
Parameters: { "predictor" } are not used.

  warnings.warn(smsg, UserWarning)
/home/vishal.bharti/miniconda3/lib/python3.11/site-packages/xgboost/core.py:158: UserWarning: [00:45:07] WARNING: /workspace/src/learner.cc:740: 
Parameters: { "predictor" } are not used.

  warnings.warn(smsg, UserWarning)
/home/vishal.bharti/miniconda3/lib/python3.11/site-packages/xgboost/core.py:158: UserWarning: [00:45:24] WARNING: /workspace/src/learner.cc:740: 
Parameters: { "predictor" } are not used.

  warnings.warn(smsg, UserWarning)
/home/vishal.bharti/miniconda3/lib/python3.11/site-packages/xgboost/core.py:158: UserWarning: [00:45:43] WARNING: /workspace/src/learner.cc:740: 
Parameters: { "predictor" } are not used.

  warnings.warn(smsg, UserWarning)
/home/vishal.bharti/miniconda3/lib/python3.11/site-packages/xgboost/core.py:158: UserWarning: [00:46:00] WARNING: /workspace/src/learner.cc:740: 
Parameters: { "predictor" } are not used.

  warnings.warn(smsg, UserWarning)
/home/vishal.bharti/miniconda3/lib/python3.11/site-packages/xgboost/core.py:158: UserWarning: [00:46:20] WARNING: /workspace/src/learner.cc:740: 
Parameters: { "predictor" } are not used.

  warnings.warn(smsg, UserWarning)
/home/vishal.bharti/miniconda3/lib/python3.11/site-packages/xgboost/core.py:158: UserWarning: [00:46:37] WARNING: /workspace/src/learner.cc:740: 
Parameters: { "predictor" } are not used.

  warnings.warn(smsg, UserWarning)
/home/vishal.bharti/miniconda3/lib/python3.11/site-packages/xgboost/core.py:158: UserWarning: [00:46:57] WARNING: /workspace/src/learner.cc:740: 
Parameters: { "predictor" } are not used.

  warnings.warn(smsg, UserWarning)
/home/vishal.bharti/miniconda3/lib/python3.11/site-packages/xgboost/core.py:158: UserWarning: [00:47:11] WARNING: /workspace/src/learner.cc:740: 
Parameters: { "predictor" } are not used.

  warnings.warn(smsg, UserWarning)
/home/vishal.bharti/miniconda3/lib/python3.11/site-packages/xgboost/core.py:158: UserWarning: [00:47:29] WARNING: /workspace/src/learner.cc:740: 
Parameters: { "predictor" } are not used.

  warnings.warn(smsg, UserWarning)
/home/vishal.bharti/miniconda3/lib/python3.11/site-packages/xgboost/core.py:158: UserWarning: [00:47:49] WARNING: /workspace/src/learner.cc:740: 
Parameters: { "predictor" } are not used.

  warnings.warn(smsg, UserWarning)
/home/vishal.bharti/miniconda3/lib/python3.11/site-packages/xgboost/core.py:158: UserWarning: [00:48:07] WARNING: /workspace/src/learner.cc:740: 
Parameters: { "predictor" } are not used.

  warnings.warn(smsg, UserWarning)
/home/vishal.bharti/miniconda3/lib/python3.11/site-packages/xgboost/core.py:158: UserWarning: [00:48:25] WARNING: /workspace/src/learner.cc:740: 
Parameters: { "predictor" } are not used.

  warnings.warn(smsg, UserWarning)
/home/vishal.bharti/miniconda3/lib/python3.11/site-packages/xgboost/core.py:158: UserWarning: [00:48:43] WARNING: /workspace/src/learner.cc:740: 
Parameters: { "predictor" } are not used.

  warnings.warn(smsg, UserWarning)
/home/vishal.bharti/miniconda3/lib/python3.11/site-packages/xgboost/core.py:158: UserWarning: [00:48:58] WARNING: /workspace/src/learner.cc:740: 
Parameters: { "predictor" } are not used.

  warnings.warn(smsg, UserWarning)
/home/vishal.bharti/miniconda3/lib/python3.11/site-packages/xgboost/core.py:158: UserWarning: [00:49:17] WARNING: /workspace/src/learner.cc:740: 
Parameters: { "predictor" } are not used.

  warnings.warn(smsg, UserWarning)
/home/vishal.bharti/miniconda3/lib/python3.11/site-packages/xgboost/core.py:158: UserWarning: [00:49:36] WARNING: /workspace/src/learner.cc:740: 
Parameters: { "predictor" } are not used.

  warnings.warn(smsg, UserWarning)
